# JRE version: OpenJDK Runtime Environment (20.0.1+9) (build 20.0.1+9-29)
# Java VM: OpenJDK 64-Bit Server VM (20.0.1+9-29, mixed mode, sharing, tiered, compressed oops, compressed class ptrs, g1 gc, windows-amd64)
GC Precious Log:
 CardTable entry size: 512
 Card Set container configuration: InlinePtr #cards 4 size 8 Array Of Cards #cards 16 size 48 Howl #buckets 8 coarsen threshold 3686 Howl Bitmap #cards 512 size 80 coarsen threshold 460 Card regions per heap region 1 cards per card region 4096
 CPUs: 8 total, 8 available
 Memory: 16167M
 Large Page Support: Disabled
 NUMA Support: Disabled
 Compressed Oops: Enabled (Zero based)
 Heap Region Size: 2M
 Heap Min Capacity: 8M
 Heap Initial Capacity: 254M
 Heap Max Capacity: 4042M
 Pre-touch: Disabled
 Parallel Workers: 8
 Concurrent Workers: 2
 Concurrent Refinement Workers: 8
 Periodic GC: Disabled
Heap:
 garbage-first heap   total 335872K, used 193809K [0x0000000703600000, 0x0000000800000000)
  region size 2048K, 96 young (196608K), 11 survivors (22528K)
 Metaspace       used 3647K, committed 3904K, reserved 1114112K
  class space    used 329K, committed 448K, reserved 1048576K
GC Heap History (20 events):
Event: 1.535 GC heap before
{Heap before GC invocations=3 (full 0):
 garbage-first heap   total 260096K, used 155294K [0x0000000703600000, 0x0000000800000000)
  region size 2048K, 76 young (155648K), 2 survivors (4096K)
 Metaspace       used 3504K, committed 3776K, reserved 1114112K
  class space    used 327K, committed 448K, reserved 1048576K
}
Event: 1.537 GC heap after
{Heap after GC invocations=4 (full 0):
 garbage-first heap   total 260096K, used 4001K [0x0000000703600000, 0x0000000800000000)
  region size 2048K, 2 young (4096K), 2 survivors (4096K)
 Metaspace       used 3504K, committed 3776K, reserved 1114112K
  class space    used 327K, committed 448K, reserved 1048576K
}
Event: 2.307 GC heap before
{Heap before GC invocations=4 (full 0):
 garbage-first heap   total 260096K, used 155553K [0x0000000703600000, 0x0000000800000000)
  region size 2048K, 76 young (155648K), 2 survivors (4096K)
 Metaspace       used 3538K, committed 3776K, reserved 1114112K
  class space    used 328K, committed 448K, reserved 1048576K
}
Event: 2.309 GC heap after
{Heap after GC invocations=5 (full 0):
 garbage-first heap   total 260096K, used 4028K [0x0000000703600000, 0x0000000800000000)
  region size 2048K, 2 young (4096K), 2 survivors (4096K)
 Metaspace       used 3538K, committed 3776K, reserved 1114112K
  class space    used 328K, committed 448K, reserved 1048576K
}
Event: 2.413 GC heap before
{Heap before GC invocations=5 (full 0):
 garbage-first heap   total 260096K, used 155580K [0x0000000703600000, 0x0000000800000000)
  region size 2048K, 76 young (155648K), 2 survivors (4096K)
 Metaspace       used 3548K, committed 3776K, reserved 1114112K
  class space    used 328K, committed 448K, reserved 1048576K
}
Event: 2.415 GC heap after
{Heap after GC invocations=6 (full 0):
 garbage-first heap   total 260096K, used 4096K [0x0000000703600000, 0x0000000800000000)
  region size 2048K, 2 young (4096K), 2 survivors (4096K)
 Metaspace       used 3548K, committed 3776K, reserved 1114112K
  class space    used 328K, committed 448K, reserved 1048576K
}
Event: 3.324 GC heap before
{Heap before GC invocations=6 (full 0):
 garbage-first heap   total 260096K, used 155648K [0x0000000703600000, 0x0000000800000000)
  region size 2048K, 76 young (155648K), 2 survivors (4096K)
 Metaspace       used 3549K, committed 3776K, reserved 1114112K
  class space    used 328K, committed 448K, reserved 1048576K
}
Event: 3.326 GC heap after
{Heap after GC invocations=7 (full 0):
 garbage-first heap   total 260096K, used 4308K [0x0000000703600000, 0x0000000800000000)
  region size 2048K, 3 young (6144K), 3 survivors (6144K)
 Metaspace       used 3549K, committed 3776K, reserved 1114112K
  class space    used 328K, committed 448K, reserved 1048576K
}
Event: 8.463 GC heap before
{Heap before GC invocations=7 (full 0):
 garbage-first heap   total 260096K, used 153812K [0x0000000703600000, 0x0000000800000000)
  region size 2048K, 76 young (155648K), 3 survivors (6144K)
 Metaspace       used 3558K, committed 3776K, reserved 1114112K
  class space    used 328K, committed 448K, reserved 1048576K
}
Event: 8.465 GC heap after
{Heap after GC invocations=8 (full 0):
 garbage-first heap   total 260096K, used 4204K [0x0000000703600000, 0x0000000800000000)
  region size 2048K, 3 young (6144K), 3 survivors (6144K)
 Metaspace       used 3558K, committed 3776K, reserved 1114112K
  class space    used 328K, committed 448K, reserved 1048576K
}
Event: 8.566 GC heap before
{Heap before GC invocations=8 (full 0):
 garbage-first heap   total 260096K, used 153708K [0x0000000703600000, 0x0000000800000000)
  region size 2048K, 76 young (155648K), 3 survivors (6144K)
 Metaspace       used 3560K, committed 3776K, reserved 1114112K
  class space    used 328K, committed 448K, reserved 1048576K
}
Event: 8.569 GC heap after
{Heap after GC invocations=9 (full 0):
 garbage-first heap   total 260096K, used 6817K [0x0000000703600000, 0x0000000800000000)
  region size 2048K, 4 young (8192K), 4 survivors (8192K)
 Metaspace       used 3560K, committed 3776K, reserved 1114112K
  class space    used 328K, committed 448K, reserved 1048576K
}
Event: 12.746 GC heap before
{Heap before GC invocations=9 (full 0):
 garbage-first heap   total 260096K, used 154273K [0x0000000703600000, 0x0000000800000000)
  region size 2048K, 76 young (155648K), 4 survivors (8192K)
 Metaspace       used 3561K, committed 3776K, reserved 1114112K
  class space    used 328K, committed 448K, reserved 1048576K
}
Event: 12.748 GC heap after
{Heap after GC invocations=10 (full 0):
 garbage-first heap   total 335872K, used 4756K [0x0000000703600000, 0x0000000800000000)
  region size 2048K, 3 young (6144K), 3 survivors (6144K)
 Metaspace       used 3561K, committed 3776K, reserved 1114112K
  class space    used 328K, committed 448K, reserved 1048576K
}
Event: 13.807 GC heap before
{Heap before GC invocations=10 (full 0):
 garbage-first heap   total 335872K, used 199316K [0x0000000703600000, 0x0000000800000000)
  region size 2048K, 98 young (200704K), 3 survivors (6144K)
 Metaspace       used 3572K, committed 3840K, reserved 1114112K
  class space    used 328K, committed 448K, reserved 1048576K
}
Event: 13.809 GC heap after
{Heap after GC invocations=11 (full 0):
 garbage-first heap   total 335872K, used 5048K [0x0000000703600000, 0x0000000800000000)
  region size 2048K, 3 young (6144K), 3 survivors (6144K)
 Metaspace       used 3572K, committed 3840K, reserved 1114112K
  class space    used 328K, committed 448K, reserved 1048576K
}
Event: 16.839 GC heap before
{Heap before GC invocations=11 (full 0):
 garbage-first heap   total 335872K, used 199608K [0x0000000703600000, 0x0000000800000000)
  region size 2048K, 98 young (200704K), 3 survivors (6144K)
 Metaspace       used 3637K, committed 3904K, reserved 1114112K
  class space    used 328K, committed 448K, reserved 1048576K
}
Event: 16.841 GC heap after
{Heap after GC invocations=12 (full 0):
 garbage-first heap   total 335872K, used 5167K [0x0000000703600000, 0x0000000800000000)
  region size 2048K, 3 young (6144K), 3 survivors (6144K)
 Metaspace       used 3637K, committed 3904K, reserved 1114112K
  class space    used 328K, committed 448K, reserved 1048576K
}
Event: 18.007 GC heap before
{Heap before GC invocations=12 (full 0):
 garbage-first heap   total 335872K, used 199727K [0x0000000703600000, 0x0000000800000000)
  region size 2048K, 98 young (200704K), 3 survivors (6144K)
 Metaspace       used 3638K, committed 3904K, reserved 1114112K
  class space    used 328K, committed 448K, reserved 1048576K
}
Event: 18.019 GC heap after
{Heap after GC invocations=13 (full 0):
 garbage-first heap   total 335872K, used 21777K [0x0000000703600000, 0x0000000800000000)
  region size 2048K, 11 young (22528K), 11 survivors (22528K)
 Metaspace       used 3638K, committed 3904K, reserved 1114112K
  class space    used 328K, committed 448K, reserved 1048576K
}

