# JRE version: OpenJDK Runtime Environment (20.0.1+9) (build 20.0.1+9-29)
# Java VM: OpenJDK 64-Bit Server VM (20.0.1+9-29, mixed mode, sharing, tiered, compressed oops, compressed class ptrs, g1 gc, windows-amd64)
GC Precious Log:
 CardTable entry size: 512
 Card Set container configuration: InlinePtr #cards 4 size 8 Array Of Cards #cards 16 size 48 Howl #buckets 8 coarsen threshold 3686 Howl Bitmap #cards 512 size 80 coarsen threshold 460 Card regions per heap region 1 cards per card region 4096
 CPUs: 8 total, 8 available
 Memory: 16167M
 Large Page Support: Disabled
 NUMA Support: Disabled
 Compressed Oops: Enabled (Zero based)
 Heap Region Size: 2M
 Heap Min Capacity: 8M
 Heap Initial Capacity: 254M
 Heap Max Capacity: 4042M
 Pre-touch: Disabled
 Parallel Workers: 8
 Concurrent Workers: 2
 Concurrent Refinement Workers: 8
 Periodic GC: Disabled
Heap:
 garbage-first heap   total 260096K, used 4865K [0x00000004d7800000, 0x00000005d4200000)
  region size 2048K, 3 young (6144K), 3 survivors (6144K)
 Metaspace       used 3565K, committed 3776K, reserved 1114112K
  class space    used 328K, committed 448K, reserved 1048576K
GC Heap History (19 events):
Event: 0.340 GC heap before
{Heap before GC invocations=0 (full 0):
 garbage-first heap   total 260096K, used 22528K [0x00000004d7800000, 0x00000005d4200000)
  region size 2048K, 11 young (22528K), 0 survivors (0K)
 Metaspace       used 3020K, committed 3200K, reserved 1114112K
  class space    used 285K, committed 384K, reserved 1048576K
}
Event: 0.343 GC heap after
{Heap after GC invocations=1 (full 0):
 garbage-first heap   total 260096K, used 2750K [0x00000004d7800000, 0x00000005d4200000)
  region size 2048K, 2 young (4096K), 2 survivors (4096K)
 Metaspace       used 3020K, committed 3200K, reserved 1114112K
  class space    used 285K, committed 384K, reserved 1048576K
}
Event: 0.462 GC heap before
{Heap before GC invocations=1 (full 0):
 garbage-first heap   total 260096K, used 37566K [0x00000004d7800000, 0x00000005d4200000)
  region size 2048K, 20 young (40960K), 2 survivors (4096K)
 Metaspace       used 3130K, committed 3392K, reserved 1114112K
  class space    used 294K, committed 448K, reserved 1048576K
}
Event: 0.464 GC heap after
{Heap after GC invocations=2 (full 0):
 garbage-first heap   total 260096K, used 4571K [0x00000004d7800000, 0x00000005d4200000)
  region size 2048K, 3 young (6144K), 3 survivors (6144K)
 Metaspace       used 3130K, committed 3392K, reserved 1114112K
  class space    used 294K, committed 448K, reserved 1048576K
}
Event: 1.589 GC heap before
{Heap before GC invocations=2 (full 0):
 garbage-first heap   total 260096K, used 152027K [0x00000004d7800000, 0x00000005d4200000)
  region size 2048K, 76 young (155648K), 3 survivors (6144K)
 Metaspace       used 3502K, committed 3776K, reserved 1114112K
  class space    used 327K, committed 448K, reserved 1048576K
}
Event: 1.591 GC heap after
{Heap after GC invocations=3 (full 0):
 garbage-first heap   total 260096K, used 3813K [0x00000004d7800000, 0x00000005d4200000)
  region size 2048K, 2 young (4096K), 2 survivors (4096K)
 Metaspace       used 3502K, committed 3776K, reserved 1114112K
  class space    used 327K, committed 448K, reserved 1048576K
}
Event: 1.662 GC heap before
{Heap before GC invocations=3 (full 0):
 garbage-first heap   total 260096K, used 155365K [0x00000004d7800000, 0x00000005d4200000)
  region size 2048K, 76 young (155648K), 2 survivors (4096K)
 Metaspace       used 3503K, committed 3776K, reserved 1114112K
  class space    used 327K, committed 448K, reserved 1048576K
}
Event: 1.664 GC heap after
{Heap after GC invocations=4 (full 0):
 garbage-first heap   total 260096K, used 3804K [0x00000004d7800000, 0x00000005d4200000)
  region size 2048K, 2 young (4096K), 2 survivors (4096K)
 Metaspace       used 3503K, committed 3776K, reserved 1114112K
  class space    used 327K, committed 448K, reserved 1048576K
}
Event: 2.498 GC heap before
{Heap before GC invocations=4 (full 0):
 garbage-first heap   total 260096K, used 155356K [0x00000004d7800000, 0x00000005d4200000)
  region size 2048K, 76 young (155648K), 2 survivors (4096K)
 Metaspace       used 3537K, committed 3776K, reserved 1114112K
  class space    used 328K, committed 448K, reserved 1048576K
}
Event: 2.500 GC heap after
{Heap after GC invocations=5 (full 0):
 garbage-first heap   total 260096K, used 4096K [0x00000004d7800000, 0x00000005d4200000)
  region size 2048K, 2 young (4096K), 2 survivors (4096K)
 Metaspace       used 3537K, committed 3776K, reserved 1114112K
  class space    used 328K, committed 448K, reserved 1048576K
}
Event: 2.601 GC heap before
{Heap before GC invocations=5 (full 0):
 garbage-first heap   total 260096K, used 155648K [0x00000004d7800000, 0x00000005d4200000)
  region size 2048K, 76 young (155648K), 2 survivors (4096K)
 Metaspace       used 3548K, committed 3776K, reserved 1114112K
  class space    used 328K, committed 448K, reserved 1048576K
}
Event: 2.604 GC heap after
{Heap after GC invocations=6 (full 0):
 garbage-first heap   total 260096K, used 5070K [0x00000004d7800000, 0x00000005d4200000)
  region size 2048K, 3 young (6144K), 3 survivors (6144K)
 Metaspace       used 3548K, committed 3776K, reserved 1114112K
  class space    used 328K, committed 448K, reserved 1048576K
}
Event: 4.224 GC heap before
{Heap before GC invocations=6 (full 0):
 garbage-first heap   total 260096K, used 154574K [0x00000004d7800000, 0x00000005d4200000)
  region size 2048K, 76 young (155648K), 3 survivors (6144K)
 Metaspace       used 3549K, committed 3776K, reserved 1114112K
  class space    used 328K, committed 448K, reserved 1048576K
}
Event: 4.226 GC heap after
{Heap after GC invocations=7 (full 0):
 garbage-first heap   total 260096K, used 4340K [0x00000004d7800000, 0x00000005d4200000)
  region size 2048K, 3 young (6144K), 3 survivors (6144K)
 Metaspace       used 3549K, committed 3776K, reserved 1114112K
  class space    used 328K, committed 448K, reserved 1048576K
}
Event: 9.378 GC heap before
{Heap before GC invocations=7 (full 0):
 garbage-first heap   total 260096K, used 153844K [0x00000004d7800000, 0x00000005d4200000)
  region size 2048K, 76 young (155648K), 3 survivors (6144K)
 Metaspace       used 3556K, committed 3776K, reserved 1114112K
  class space    used 328K, committed 448K, reserved 1048576K
}
Event: 9.380 GC heap after
{Heap after GC invocations=8 (full 0):
 garbage-first heap   total 260096K, used 4477K [0x00000004d7800000, 0x00000005d4200000)
  region size 2048K, 3 young (6144K), 3 survivors (6144K)
 Metaspace       used 3556K, committed 3776K, reserved 1114112K
  class space    used 328K, committed 448K, reserved 1048576K
}
Event: 9.445 GC heap before
{Heap before GC invocations=8 (full 0):
 garbage-first heap   total 260096K, used 153981K [0x00000004d7800000, 0x00000005d4200000)
  region size 2048K, 76 young (155648K), 3 survivors (6144K)
 Metaspace       used 3558K, committed 3776K, reserved 1114112K
  class space    used 328K, committed 448K, reserved 1048576K
}
Event: 9.448 GC heap after
{Heap after GC invocations=9 (full 0):
 garbage-first heap   total 260096K, used 6930K [0x00000004d7800000, 0x00000005d4200000)
  region size 2048K, 4 young (8192K), 4 survivors (8192K)
 Metaspace       used 3558K, committed 3776K, reserved 1114112K
  class space    used 328K, committed 448K, reserved 1048576K
}
Event: 13.897 GC heap before
{Heap before GC invocations=9 (full 0):
 garbage-first heap   total 260096K, used 154386K [0x00000004d7800000, 0x00000005d4200000)
  region size 2048K, 76 young (155648K), 4 survivors (8192K)
 Metaspace       used 3565K, committed 3776K, reserved 1114112K
  class space    used 328K, committed 448K, reserved 1048576K
}

