# JRE version: OpenJDK Runtime Environment (20.0.1+9) (build 20.0.1+9-29)
# Java VM: OpenJDK 64-Bit Server VM (20.0.1+9-29, mixed mode, sharing, tiered, compressed oops, compressed class ptrs, g1 gc, windows-amd64)
GC Precious Log:
 CardTable entry size: 512
 Card Set container configuration: InlinePtr #cards 4 size 8 Array Of Cards #cards 16 size 48 Howl #buckets 8 coarsen threshold 3686 Howl Bitmap #cards 512 size 80 coarsen threshold 460 Card regions per heap region 1 cards per card region 4096
 CPUs: 8 total, 8 available
 Memory: 16167M
 Large Page Support: Disabled
 NUMA Support: Disabled
 Compressed Oops: Enabled (Zero based)
 Heap Region Size: 2M
 Heap Min Capacity: 8M
 Heap Initial Capacity: 254M
 Heap Max Capacity: 4042M
 Pre-touch: Disabled
 Parallel Workers: 8
 Concurrent Workers: 2
 Concurrent Refinement Workers: 8
 Periodic GC: Disabled
Heap:
 garbage-first heap   total 446464K, used 92988K [0x0000000703600000, 0x0000000800000000)
  region size 2048K, 3 young (6144K), 3 survivors (6144K)
 Metaspace       used 3802K, committed 4032K, reserved 1114112K
  class space    used 347K, committed 448K, reserved 1048576K
GC Heap History (20 events):
Event: 23.177 GC heap after
{Heap after GC invocations=15 (full 0):
 garbage-first heap   total 370688K, used 5394K [0x0000000703600000, 0x0000000800000000)
  region size 2048K, 3 young (6144K), 3 survivors (6144K)
 Metaspace       used 3783K, committed 4032K, reserved 1114112K
  class space    used 347K, committed 448K, reserved 1048576K
}
Event: 30.031 GC heap before
{Heap before GC invocations=15 (full 0):
 garbage-first heap   total 370688K, used 220434K [0x0000000703600000, 0x0000000800000000)
  region size 2048K, 108 young (221184K), 3 survivors (6144K)
 Metaspace       used 3785K, committed 4032K, reserved 1114112K
  class space    used 347K, committed 448K, reserved 1048576K
}
Event: 30.034 GC heap after
{Heap after GC invocations=16 (full 0):
 garbage-first heap   total 446464K, used 5691K [0x0000000703600000, 0x0000000800000000)
  region size 2048K, 3 young (6144K), 3 survivors (6144K)
 Metaspace       used 3785K, committed 4032K, reserved 1114112K
  class space    used 347K, committed 448K, reserved 1048576K
}
Event: 30.337 GC heap before
{Heap before GC invocations=16 (full 0):
 garbage-first heap   total 446464K, used 265787K [0x0000000703600000, 0x0000000800000000)
  region size 2048K, 130 young (266240K), 3 survivors (6144K)
 Metaspace       used 3785K, committed 4032K, reserved 1114112K
  class space    used 347K, committed 448K, reserved 1048576K
}
Event: 30.340 GC heap after
{Heap after GC invocations=17 (full 0):
 garbage-first heap   total 446464K, used 7887K [0x0000000703600000, 0x0000000800000000)
  region size 2048K, 3 young (6144K), 3 survivors (6144K)
 Metaspace       used 3785K, committed 4032K, reserved 1114112K
  class space    used 347K, committed 448K, reserved 1048576K
}
Event: 35.068 GC heap before
{Heap before GC invocations=17 (full 0):
 garbage-first heap   total 446464K, used 267983K [0x0000000703600000, 0x0000000800000000)
  region size 2048K, 130 young (266240K), 3 survivors (6144K)
 Metaspace       used 3786K, committed 4032K, reserved 1114112K
  class space    used 347K, committed 448K, reserved 1048576K
}
Event: 35.070 GC heap after
{Heap after GC invocations=18 (full 0):
 garbage-first heap   total 446464K, used 6046K [0x0000000703600000, 0x0000000800000000)
  region size 2048K, 2 young (4096K), 2 survivors (4096K)
 Metaspace       used 3786K, committed 4032K, reserved 1114112K
  class space    used 347K, committed 448K, reserved 1048576K
}
Event: 35.575 GC heap before
{Heap before GC invocations=18 (full 0):
 garbage-first heap   total 446464K, used 268190K [0x0000000703600000, 0x0000000800000000)
  region size 2048K, 130 young (266240K), 2 survivors (4096K)
 Metaspace       used 3787K, committed 4032K, reserved 1114112K
  class space    used 347K, committed 448K, reserved 1048576K
}
Event: 35.590 GC heap after
{Heap after GC invocations=19 (full 0):
 garbage-first heap   total 446464K, used 32952K [0x0000000703600000, 0x0000000800000000)
  region size 2048K, 15 young (30720K), 15 survivors (30720K)
 Metaspace       used 3787K, committed 4032K, reserved 1114112K
  class space    used 347K, committed 448K, reserved 1048576K
}
Event: 45.904 GC heap before
{Heap before GC invocations=19 (full 0):
 garbage-first heap   total 446464K, used 268472K [0x0000000703600000, 0x0000000800000000)
  region size 2048K, 130 young (266240K), 15 survivors (30720K)
 Metaspace       used 3787K, committed 4032K, reserved 1114112K
  class space    used 347K, committed 448K, reserved 1048576K
}
Event: 45.905 GC heap after
{Heap after GC invocations=20 (full 0):
 garbage-first heap   total 446464K, used 8214K [0x0000000703600000, 0x0000000800000000)
  region size 2048K, 2 young (4096K), 2 survivors (4096K)
 Metaspace       used 3787K, committed 4032K, reserved 1114112K
  class space    used 347K, committed 448K, reserved 1048576K
}
Event: 46.623 GC heap before
{Heap before GC invocations=20 (full 0):
 garbage-first heap   total 446464K, used 270358K [0x0000000703600000, 0x0000000800000000)
  region size 2048K, 130 young (266240K), 2 survivors (4096K)
 Metaspace       used 3801K, committed 4032K, reserved 1114112K
  class space    used 347K, committed 448K, reserved 1048576K
}
Event: 46.645 GC heap after
{Heap after GC invocations=21 (full 0):
 garbage-first heap   total 446464K, used 44852K [0x0000000703600000, 0x0000000800000000)
  region size 2048K, 17 young (34816K), 17 survivors (34816K)
 Metaspace       used 3801K, committed 4032K, reserved 1114112K
  class space    used 347K, committed 448K, reserved 1048576K
}
Event: 58.461 GC heap before
{Heap before GC invocations=21 (full 0):
 garbage-first heap   total 446464K, used 276276K [0x0000000703600000, 0x0000000800000000)
  region size 2048K, 130 young (266240K), 17 survivors (34816K)
 Metaspace       used 3802K, committed 4032K, reserved 1114112K
  class space    used 347K, committed 448K, reserved 1048576K
}
Event: 58.486 GC heap after
{Heap after GC invocations=22 (full 0):
 garbage-first heap   total 446464K, used 37551K [0x0000000703600000, 0x0000000800000000)
  region size 2048K, 6 young (12288K), 6 survivors (12288K)
 Metaspace       used 3802K, committed 4032K, reserved 1114112K
  class space    used 347K, committed 448K, reserved 1048576K
}
Event: 59.053 GC heap before
{Heap before GC invocations=22 (full 0):
 garbage-first heap   total 446464K, used 291503K [0x0000000703600000, 0x0000000800000000)
  region size 2048K, 130 young (266240K), 6 survivors (12288K)
 Metaspace       used 3802K, committed 4032K, reserved 1114112K
  class space    used 347K, committed 448K, reserved 1048576K
}
Event: 59.084 GC heap after
{Heap after GC invocations=23 (full 0):
 garbage-first heap   total 446464K, used 84594K [0x0000000703600000, 0x0000000800000000)
  region size 2048K, 17 young (34816K), 17 survivors (34816K)
 Metaspace       used 3802K, committed 4032K, reserved 1114112K
  class space    used 347K, committed 448K, reserved 1048576K
}
Event: 59.089 GC heap before
{Heap before GC invocations=23 (full 0):
 garbage-first heap   total 446464K, used 86642K [0x0000000703600000, 0x0000000800000000)
  region size 2048K, 18 young (36864K), 17 survivors (34816K)
 Metaspace       used 3802K, committed 4032K, reserved 1114112K
  class space    used 347K, committed 448K, reserved 1048576K
}
Event: 59.107 GC heap after
{Heap after GC invocations=24 (full 0):
 garbage-first heap   total 446464K, used 92160K [0x0000000703600000, 0x0000000800000000)
  region size 2048K, 2 young (4096K), 2 survivors (4096K)
 Metaspace       used 3802K, committed 4032K, reserved 1114112K
  class space    used 347K, committed 448K, reserved 1048576K
}
Event: 76.434 GC heap before
{Heap before GC invocations=24 (full 0):
 garbage-first heap   total 446464K, used 278528K [0x0000000703600000, 0x0000000800000000)
  region size 2048K, 93 young (190464K), 2 survivors (4096K)
 Metaspace       used 3802K, committed 4032K, reserved 1114112K
  class space    used 347K, committed 448K, reserved 1048576K
}

